-------------------------------------------------------------------------------
Test set: com.aditispringproject.UserRepositoryTests
-------------------------------------------------------------------------------
Tests run: 2, Failures: 0, Errors: 2, Skipped: 0, Time elapsed: 3.066 s <<< FAILURE! - in com.aditispringproject.UserRepositoryTests
testFindByEmail  Time elapsed: 0.397 s  <<< ERROR!
java.lang.NullPointerException: Cannot invoke "com.aditispringproject.User.getEmail()" because "user" is null
	at com.aditispringproject.UserRepositoryTests.testFindByEmail(UserRepositoryTests.java:45)

testCreateUser  Time elapsed: 0.067 s  <<< ERROR!
org.springframework.dao.DataIntegrityViolationException: could not execute statement; SQL [n/a]; constraint [users.UK_6dotkott2kjsp8vw4d0m25fb7]; nested exception is org.hibernate.exception.ConstraintViolationException: could not execute statement
	at com.aditispringproject.UserRepositoryTests.testCreateUser(UserRepositoryTests.java:32)
Caused by: org.hibernate.exception.ConstraintViolationException: could not execute statement
	at com.aditispringproject.UserRepositoryTests.testCreateUser(UserRepositoryTests.java:32)
Caused by: java.sql.SQLIntegrityConstraintViolationException: Duplicate entry 'ravikumar@gmail.com' for key 'users.UK_6dotkott2kjsp8vw4d0m25fb7'
	at com.aditispringproject.UserRepositoryTests.testCreateUser(UserRepositoryTests.java:32)

